<?xml version="1.0" encoding="UTF-8"?>
<testsuite name="TestSuite" time="0.035" tests="42" errors="0" skipped="0" failures="21">
  <properties>
[...]
</properties>
  <testcase name="testCase" classname="XMLPrime" time="0.01"/>
  <testcase name="testCase" classname="XMLPrime" time="0.001"/>
  <testcase name="testCase" classname="XMLPrime" time="0.001"/>
  <testcase name="testCase" classname="XMLPrime" time="0.003">
    <failure message="expected:&lt;false&gt; but was:&lt;true&gt;" type="java.lang.AssertionError"><![CDATA[java.lang.AssertionError: expected:<false> but was:<true>
	at org.testng.Assert.fail(Assert.java:89)
	at org.testng.Assert.failNotEquals(Assert.java:489)
	at org.testng.Assert.assertEquals(Assert.java:118)
	at org.testng.Assert.assertEquals(Assert.java:281)
	at org.testng.Assert.assertEquals(Assert.java:291)
	at XMLPrime.testCase(XMLPrime.java:9)
]]></failure>
  </testcase>
  <testcase name="testCase" classname="XMLPrime" time="0.001">
    <failure message="expected:&lt;false&gt; but was:&lt;true&gt;" type="java.lang.AssertionError"><![CDATA[java.lang.AssertionError: expected:<false> but was:<true>
	at org.testng.Assert.fail(Assert.java:89)
	at org.testng.Assert.failNotEquals(Assert.java:489)
	at org.testng.Assert.assertEquals(Assert.java:118)
	at org.testng.Assert.assertEquals(Assert.java:281)
	at org.testng.Assert.assertEquals(Assert.java:291)
	at XMLPrime.testCase(XMLPrime.java:9)
]]></failure>
  </testcase>
  <testcase name="testCase" classname="XMLPrime" time="0.001">
    <failure message="expected:&lt;false&gt; but was:&lt;true&gt;" type="java.lang.AssertionError"><![CDATA[java.lang.AssertionError: expected:<false> but was:<true>
	at org.testng.Assert.fail(Assert.java:89)
	at org.testng.Assert.failNotEquals(Assert.java:489)
	at org.testng.Assert.assertEquals(Assert.java:118)
	at org.testng.Assert.assertEquals(Assert.java:281)
	at org.testng.Assert.assertEquals(Assert.java:291)
	at XMLPrime.testCase(XMLPrime.java:9)
]]></failure>
  </testcase>
  <testcase name="testCase" classname="XMLPrime" time="0"/>
  <testcase name="testCase" classname="XMLPrime" time="0.001"/>
  <testcase name="testCase" classname="XMLPrime" time="0"/>
  <testcase name="testCase" classname="XMLPrime" time="0.001">
    <failure message="expected:&lt;false&gt; but was:&lt;true&gt;" type="java.lang.AssertionError"><![CDATA[java.lang.AssertionError: expected:<false> but was:<true>
	at org.testng.Assert.fail(Assert.java:89)
	at org.testng.Assert.failNotEquals(Assert.java:489)
	at org.testng.Assert.assertEquals(Assert.java:118)
	at org.testng.Assert.assertEquals(Assert.java:281)
	at org.testng.Assert.assertEquals(Assert.java:291)
	at XMLPrime.testCase(XMLPrime.java:9)
]]></failure>
  </testcase>
  <testcase name="testCase" classname="XMLPrime" time="0">
    <failure message="expected:&lt;false&gt; but was:&lt;true&gt;" type="java.lang.AssertionError"><![CDATA[java.lang.AssertionError: expected:<false> but was:<true>
	at org.testng.Assert.fail(Assert.java:89)
	at org.testng.Assert.failNotEquals(Assert.java:489)
	at org.testng.Assert.assertEquals(Assert.java:118)
	at org.testng.Assert.assertEquals(Assert.java:281)
	at org.testng.Assert.assertEquals(Assert.java:291)
	at XMLPrime.testCase(XMLPrime.java:9)
]]></failure>
  </testcase>
  <testcase name="testCase" classname="XMLPrime" time="0.001">
    <failure message="expected:&lt;false&gt; but was:&lt;true&gt;" type="java.lang.AssertionError"><![CDATA[java.lang.AssertionError: expected:<false> but was:<true>
	at org.testng.Assert.fail(Assert.java:89)
	at org.testng.Assert.failNotEquals(Assert.java:489)
	at org.testng.Assert.assertEquals(Assert.java:118)
	at org.testng.Assert.assertEquals(Assert.java:281)
	at org.testng.Assert.assertEquals(Assert.java:291)
	at XMLPrime.testCase(XMLPrime.java:9)
]]></failure>
  </testcase>
  <testcase name="testCase" classname="XMLPrime" time="0.001"/>
  <testcase name="testCase" classname="XMLPrime" time="0.001"/>
  <testcase name="testCase" classname="XMLPrime" time="0"/>
  <testcase name="testCase" classname="XMLPrime" time="0.001">
    <failure message="expected:&lt;false&gt; but was:&lt;true&gt;" type="java.lang.AssertionError"><![CDATA[java.lang.AssertionError: expected:<false> but was:<true>
	at org.testng.Assert.fail(Assert.java:89)
	at org.testng.Assert.failNotEquals(Assert.java:489)
	at org.testng.Assert.assertEquals(Assert.java:118)
	at org.testng.Assert.assertEquals(Assert.java:281)
	at org.testng.Assert.assertEquals(Assert.java:291)
	at XMLPrime.testCase(XMLPrime.java:9)
]]></failure>
  </testcase>
  <testcase name="testCase" classname="XMLPrime" time="0">
    <failure message="expected:&lt;false&gt; but was:&lt;true&gt;" type="java.lang.AssertionError"><![CDATA[java.lang.AssertionError: expected:<false> but was:<true>
	at org.testng.Assert.fail(Assert.java:89)
	at org.testng.Assert.failNotEquals(Assert.java:489)
	at org.testng.Assert.assertEquals(Assert.java:118)
	at org.testng.Assert.assertEquals(Assert.java:281)
	at org.testng.Assert.assertEquals(Assert.java:291)
	at XMLPrime.testCase(XMLPrime.java:9)
]]></failure>
  </testcase>
  <testcase name="testCase" classname="XMLPrime" time="0">
    <failure message="expected:&lt;false&gt; but was:&lt;true&gt;" type="java.lang.AssertionError"><![CDATA[java.lang.AssertionError: expected:<false> but was:<true>
	at org.testng.Assert.fail(Assert.java:89)
	at org.testng.Assert.failNotEquals(Assert.java:489)
	at org.testng.Assert.assertEquals(Assert.java:118)
	at org.testng.Assert.assertEquals(Assert.java:281)
	at org.testng.Assert.assertEquals(Assert.java:291)
	at XMLPrime.testCase(XMLPrime.java:9)
]]></failure>
  </testcase>
  <testcase name="testCase" classname="XMLPrime" time="0.002"/>
  <testcase name="testCase" classname="XMLPrime" time="0.001"/>
  <testcase name="testCase" classname="XMLPrime" time="0"/>
  <testcase name="testCase" classname="XMLPrime" time="0.001">
    <failure message="expected:&lt;false&gt; but was:&lt;true&gt;" type="java.lang.AssertionError"><![CDATA[java.lang.AssertionError: expected:<false> but was:<true>
	at org.testng.Assert.fail(Assert.java:89)
	at org.testng.Assert.failNotEquals(Assert.java:489)
	at org.testng.Assert.assertEquals(Assert.java:118)
	at org.testng.Assert.assertEquals(Assert.java:281)
	at org.testng.Assert.assertEquals(Assert.java:291)
	at XMLPrime.testCase(XMLPrime.java:9)
]]></failure>
  </testcase>
  <testcase name="testCase" classname="XMLPrime" time="0">
    <failure message="expected:&lt;false&gt; but was:&lt;true&gt;" type="java.lang.AssertionError"><![CDATA[java.lang.AssertionError: expected:<false> but was:<true>
	at org.testng.Assert.fail(Assert.java:89)
	at org.testng.Assert.failNotEquals(Assert.java:489)
	at org.testng.Assert.assertEquals(Assert.java:118)
	at org.testng.Assert.assertEquals(Assert.java:281)
	at org.testng.Assert.assertEquals(Assert.java:291)
	at XMLPrime.testCase(XMLPrime.java:9)
]]></failure>
  </testcase>
  <testcase name="testCase" classname="XMLPrime" time="0">
    <failure message="expected:&lt;false&gt; but was:&lt;true&gt;" type="java.lang.AssertionError"><![CDATA[java.lang.AssertionError: expected:<false> but was:<true>
	at org.testng.Assert.fail(Assert.java:89)
	at org.testng.Assert.failNotEquals(Assert.java:489)
	at org.testng.Assert.assertEquals(Assert.java:118)
	at org.testng.Assert.assertEquals(Assert.java:281)
	at org.testng.Assert.assertEquals(Assert.java:291)
	at XMLPrime.testCase(XMLPrime.java:9)
]]></failure>
  </testcase>
  <testcase name="testCase" classname="XMLPrime" time="0"/>
  <testcase name="testCase" classname="XMLPrime" time="0.001"/>
  <testcase name="testCase" classname="XMLPrime" time="0"/>
  <testcase name="testCase" classname="XMLPrime" time="0">
    <failure message="expected:&lt;false&gt; but was:&lt;true&gt;" type="java.lang.AssertionError"><![CDATA[java.lang.AssertionError: expected:<false> but was:<true>
	at org.testng.Assert.fail(Assert.java:89)
	at org.testng.Assert.failNotEquals(Assert.java:489)
	at org.testng.Assert.assertEquals(Assert.java:118)
	at org.testng.Assert.assertEquals(Assert.java:281)
	at org.testng.Assert.assertEquals(Assert.java:291)
	at XMLPrime.testCase(XMLPrime.java:9)
]]></failure>
  </testcase>
  <testcase name="testCase" classname="XMLPrime" time="0.001">
    <failure message="expected:&lt;false&gt; but was:&lt;true&gt;" type="java.lang.AssertionError"><![CDATA[java.lang.AssertionError: expected:<false> but was:<true>
	at org.testng.Assert.fail(Assert.java:89)
	at org.testng.Assert.failNotEquals(Assert.java:489)
	at org.testng.Assert.assertEquals(Assert.java:118)
	at org.testng.Assert.assertEquals(Assert.java:281)
	at org.testng.Assert.assertEquals(Assert.java:291)
	at XMLPrime.testCase(XMLPrime.java:9)
]]></failure>
  </testcase>
  <testcase name="testCase" classname="XMLPrime" time="0">
    <failure message="expected:&lt;false&gt; but was:&lt;true&gt;" type="java.lang.AssertionError"><![CDATA[java.lang.AssertionError: expected:<false> but was:<true>
	at org.testng.Assert.fail(Assert.java:89)
	at org.testng.Assert.failNotEquals(Assert.java:489)
	at org.testng.Assert.assertEquals(Assert.java:118)
	at org.testng.Assert.assertEquals(Assert.java:281)
	at org.testng.Assert.assertEquals(Assert.java:291)
	at XMLPrime.testCase(XMLPrime.java:9)
]]></failure>
  </testcase>
  <testcase name="testCase" classname="XMLPrime" time="0"/>
  <testcase name="testCase" classname="XMLPrime" time="0.001"/>
  <testcase name="testCase" classname="XMLPrime" time="0"/>
  <testcase name="testCase" classname="XMLPrime" time="0">
    <failure message="expected:&lt;false&gt; but was:&lt;true&gt;" type="java.lang.AssertionError"><![CDATA[java.lang.AssertionError: expected:<false> but was:<true>
	at org.testng.Assert.fail(Assert.java:89)
	at org.testng.Assert.failNotEquals(Assert.java:489)
	at org.testng.Assert.assertEquals(Assert.java:118)
	at org.testng.Assert.assertEquals(Assert.java:281)
	at org.testng.Assert.assertEquals(Assert.java:291)
	at XMLPrime.testCase(XMLPrime.java:9)
]]></failure>
  </testcase>
  <testcase name="testCase" classname="XMLPrime" time="0.001">
    <failure message="expected:&lt;false&gt; but was:&lt;true&gt;" type="java.lang.AssertionError"><![CDATA[java.lang.AssertionError: expected:<false> but was:<true>
	at org.testng.Assert.fail(Assert.java:89)
	at org.testng.Assert.failNotEquals(Assert.java:489)
	at org.testng.Assert.assertEquals(Assert.java:118)
	at org.testng.Assert.assertEquals(Assert.java:281)
	at org.testng.Assert.assertEquals(Assert.java:291)
	at XMLPrime.testCase(XMLPrime.java:9)
]]></failure>
  </testcase>
  <testcase name="testCase" classname="XMLPrime" time="0.001">
    <failure message="expected:&lt;false&gt; but was:&lt;true&gt;" type="java.lang.AssertionError"><![CDATA[java.lang.AssertionError: expected:<false> but was:<true>
	at org.testng.Assert.fail(Assert.java:89)
	at org.testng.Assert.failNotEquals(Assert.java:489)
	at org.testng.Assert.assertEquals(Assert.java:118)
	at org.testng.Assert.assertEquals(Assert.java:281)
	at org.testng.Assert.assertEquals(Assert.java:291)
	at XMLPrime.testCase(XMLPrime.java:9)
]]></failure>
  </testcase>
  <testcase name="testCase" classname="XMLPrime" time="0.001"/>
  <testcase name="testCase" classname="XMLPrime" time="0"/>
  <testcase name="testCase" classname="XMLPrime" time="0.001"/>
  <testcase name="testCase" classname="XMLPrime" time="0.001">
    <failure message="expected:&lt;false&gt; but was:&lt;true&gt;" type="java.lang.AssertionError"><![CDATA[java.lang.AssertionError: expected:<false> but was:<true>
	at org.testng.Assert.fail(Assert.java:89)
	at org.testng.Assert.failNotEquals(Assert.java:489)
	at org.testng.Assert.assertEquals(Assert.java:118)
	at org.testng.Assert.assertEquals(Assert.java:281)
	at org.testng.Assert.assertEquals(Assert.java:291)
	at XMLPrime.testCase(XMLPrime.java:9)
]]></failure>
  </testcase>
  <testcase name="testCase" classname="XMLPrime" time="0">
    <failure message="expected:&lt;false&gt; but was:&lt;true&gt;" type="java.lang.AssertionError"><![CDATA[java.lang.AssertionError: expected:<false> but was:<true>
	at org.testng.Assert.fail(Assert.java:89)
	at org.testng.Assert.failNotEquals(Assert.java:489)
	at org.testng.Assert.assertEquals(Assert.java:118)
	at org.testng.Assert.assertEquals(Assert.java:281)
	at org.testng.Assert.assertEquals(Assert.java:291)
	at XMLPrime.testCase(XMLPrime.java:9)
]]></failure>
  </testcase>
  <testcase name="testCase" classname="XMLPrime" time="0">
    <failure message="expected:&lt;false&gt; but was:&lt;true&gt;" type="java.lang.AssertionError"><![CDATA[java.lang.AssertionError: expected:<false> but was:<true>
	at org.testng.Assert.fail(Assert.java:89)
	at org.testng.Assert.failNotEquals(Assert.java:489)
	at org.testng.Assert.assertEquals(Assert.java:118)
	at org.testng.Assert.assertEquals(Assert.java:281)
	at org.testng.Assert.assertEquals(Assert.java:291)
	at XMLPrime.testCase(XMLPrime.java:9)
]]></failure>
  </testcase>
</testsuite>