-------------------------------------------------------------------------------
Test set: TestSuite
-------------------------------------------------------------------------------
Tests run: 42, Failures: 21, Errors: 0, Skipped: 0, Time elapsed: 1.654 sec <<< FAILURE!
testCase(XMLPrime)  Time elapsed: 0.003 sec  <<< FAILURE!
java.lang.AssertionError: expected:<false> but was:<true>
	at org.testng.Assert.fail(Assert.java:89)
	at org.testng.Assert.failNotEquals(Assert.java:489)
	at org.testng.Assert.assertEquals(Assert.java:118)
	at org.testng.Assert.assertEquals(Assert.java:281)
	at org.testng.Assert.assertEquals(Assert.java:291)
	at XMLPrime.testCase(XMLPrime.java:9)

testCase(XMLPrime)  Time elapsed: 0.001 sec  <<< FAILURE!
java.lang.AssertionError: expected:<false> but was:<true>
	at org.testng.Assert.fail(Assert.java:89)
	at org.testng.Assert.failNotEquals(Assert.java:489)
	at org.testng.Assert.assertEquals(Assert.java:118)
	at org.testng.Assert.assertEquals(Assert.java:281)
	at org.testng.Assert.assertEquals(Assert.java:291)
	at XMLPrime.testCase(XMLPrime.java:9)

testCase(XMLPrime)  Time elapsed: 0.001 sec  <<< FAILURE!
java.lang.AssertionError: expected:<false> but was:<true>
	at org.testng.Assert.fail(Assert.java:89)
	at org.testng.Assert.failNotEquals(Assert.java:489)
	at org.testng.Assert.assertEquals(Assert.java:118)
	at org.testng.Assert.assertEquals(Assert.java:281)
	at org.testng.Assert.assertEquals(Assert.java:291)
	at XMLPrime.testCase(XMLPrime.java:9)

testCase(XMLPrime)  Time elapsed: 0.001 sec  <<< FAILURE!
java.lang.AssertionError: expected:<false> but was:<true>
	at org.testng.Assert.fail(Assert.java:89)
	at org.testng.Assert.failNotEquals(Assert.java:489)
	at org.testng.Assert.assertEquals(Assert.java:118)
	at org.testng.Assert.assertEquals(Assert.java:281)
	at org.testng.Assert.assertEquals(Assert.java:291)
	at XMLPrime.testCase(XMLPrime.java:9)

testCase(XMLPrime)  Time elapsed: 0 sec  <<< FAILURE!
java.lang.AssertionError: expected:<false> but was:<true>
	at org.testng.Assert.fail(Assert.java:89)
	at org.testng.Assert.failNotEquals(Assert.java:489)
	at org.testng.Assert.assertEquals(Assert.java:118)
	at org.testng.Assert.assertEquals(Assert.java:281)
	at org.testng.Assert.assertEquals(Assert.java:291)
	at XMLPrime.testCase(XMLPrime.java:9)

testCase(XMLPrime)  Time elapsed: 0.001 sec  <<< FAILURE!
java.lang.AssertionError: expected:<false> but was:<true>
	at org.testng.Assert.fail(Assert.java:89)
	at org.testng.Assert.failNotEquals(Assert.java:489)
	at org.testng.Assert.assertEquals(Assert.java:118)
	at org.testng.Assert.assertEquals(Assert.java:281)
	at org.testng.Assert.assertEquals(Assert.java:291)
	at XMLPrime.testCase(XMLPrime.java:9)

testCase(XMLPrime)  Time elapsed: 0.001 sec  <<< FAILURE!
java.lang.AssertionError: expected:<false> but was:<true>
	at org.testng.Assert.fail(Assert.java:89)
	at org.testng.Assert.failNotEquals(Assert.java:489)
	at org.testng.Assert.assertEquals(Assert.java:118)
	at org.testng.Assert.assertEquals(Assert.java:281)
	at org.testng.Assert.assertEquals(Assert.java:291)
	at XMLPrime.testCase(XMLPrime.java:9)

testCase(XMLPrime)  Time elapsed: 0 sec  <<< FAILURE!
java.lang.AssertionError: expected:<false> but was:<true>
	at org.testng.Assert.fail(Assert.java:89)
	at org.testng.Assert.failNotEquals(Assert.java:489)
	at org.testng.Assert.assertEquals(Assert.java:118)
	at org.testng.Assert.assertEquals(Assert.java:281)
	at org.testng.Assert.assertEquals(Assert.java:291)
	at XMLPrime.testCase(XMLPrime.java:9)

testCase(XMLPrime)  Time elapsed: 0 sec  <<< FAILURE!
java.lang.AssertionError: expected:<false> but was:<true>
	at org.testng.Assert.fail(Assert.java:89)
	at org.testng.Assert.failNotEquals(Assert.java:489)
	at org.testng.Assert.assertEquals(Assert.java:118)
	at org.testng.Assert.assertEquals(Assert.java:281)
	at org.testng.Assert.assertEquals(Assert.java:291)
	at XMLPrime.testCase(XMLPrime.java:9)

testCase(XMLPrime)  Time elapsed: 0.001 sec  <<< FAILURE!
java.lang.AssertionError: expected:<false> but was:<true>
	at org.testng.Assert.fail(Assert.java:89)
	at org.testng.Assert.failNotEquals(Assert.java:489)
	at org.testng.Assert.assertEquals(Assert.java:118)
	at org.testng.Assert.assertEquals(Assert.java:281)
	at org.testng.Assert.assertEquals(Assert.java:291)
	at XMLPrime.testCase(XMLPrime.java:9)

testCase(XMLPrime)  Time elapsed: 0 sec  <<< FAILURE!
java.lang.AssertionError: expected:<false> but was:<true>
	at org.testng.Assert.fail(Assert.java:89)
	at org.testng.Assert.failNotEquals(Assert.java:489)
	at org.testng.Assert.assertEquals(Assert.java:118)
	at org.testng.Assert.assertEquals(Assert.java:281)
	at org.testng.Assert.assertEquals(Assert.java:291)
	at XMLPrime.testCase(XMLPrime.java:9)

testCase(XMLPrime)  Time elapsed: 0 sec  <<< FAILURE!
java.lang.AssertionError: expected:<false> but was:<true>
	at org.testng.Assert.fail(Assert.java:89)
	at org.testng.Assert.failNotEquals(Assert.java:489)
	at org.testng.Assert.assertEquals(Assert.java:118)
	at org.testng.Assert.assertEquals(Assert.java:281)
	at org.testng.Assert.assertEquals(Assert.java:291)
	at XMLPrime.testCase(XMLPrime.java:9)

testCase(XMLPrime)  Time elapsed: 0 sec  <<< FAILURE!
java.lang.AssertionError: expected:<false> but was:<true>
	at org.testng.Assert.fail(Assert.java:89)
	at org.testng.Assert.failNotEquals(Assert.java:489)
	at org.testng.Assert.assertEquals(Assert.java:118)
	at org.testng.Assert.assertEquals(Assert.java:281)
	at org.testng.Assert.assertEquals(Assert.java:291)
	at XMLPrime.testCase(XMLPrime.java:9)

testCase(XMLPrime)  Time elapsed: 0.001 sec  <<< FAILURE!
java.lang.AssertionError: expected:<false> but was:<true>
	at org.testng.Assert.fail(Assert.java:89)
	at org.testng.Assert.failNotEquals(Assert.java:489)
	at org.testng.Assert.assertEquals(Assert.java:118)
	at org.testng.Assert.assertEquals(Assert.java:281)
	at org.testng.Assert.assertEquals(Assert.java:291)
	at XMLPrime.testCase(XMLPrime.java:9)

testCase(XMLPrime)  Time elapsed: 0 sec  <<< FAILURE!
java.lang.AssertionError: expected:<false> but was:<true>
	at org.testng.Assert.fail(Assert.java:89)
	at org.testng.Assert.failNotEquals(Assert.java:489)
	at org.testng.Assert.assertEquals(Assert.java:118)
	at org.testng.Assert.assertEquals(Assert.java:281)
	at org.testng.Assert.assertEquals(Assert.java:291)
	at XMLPrime.testCase(XMLPrime.java:9)

testCase(XMLPrime)  Time elapsed: 0 sec  <<< FAILURE!
java.lang.AssertionError: expected:<false> but was:<true>
	at org.testng.Assert.fail(Assert.java:89)
	at org.testng.Assert.failNotEquals(Assert.java:489)
	at org.testng.Assert.assertEquals(Assert.java:118)
	at org.testng.Assert.assertEquals(Assert.java:281)
	at org.testng.Assert.assertEquals(Assert.java:291)
	at XMLPrime.testCase(XMLPrime.java:9)

testCase(XMLPrime)  Time elapsed: 0.001 sec  <<< FAILURE!
java.lang.AssertionError: expected:<false> but was:<true>
	at org.testng.Assert.fail(Assert.java:89)
	at org.testng.Assert.failNotEquals(Assert.java:489)
	at org.testng.Assert.assertEquals(Assert.java:118)
	at org.testng.Assert.assertEquals(Assert.java:281)
	at org.testng.Assert.assertEquals(Assert.java:291)
	at XMLPrime.testCase(XMLPrime.java:9)

testCase(XMLPrime)  Time elapsed: 0.001 sec  <<< FAILURE!
java.lang.AssertionError: expected:<false> but was:<true>
	at org.testng.Assert.fail(Assert.java:89)
	at org.testng.Assert.failNotEquals(Assert.java:489)
	at org.testng.Assert.assertEquals(Assert.java:118)
	at org.testng.Assert.assertEquals(Assert.java:281)
	at org.testng.Assert.assertEquals(Assert.java:291)
	at XMLPrime.testCase(XMLPrime.java:9)

testCase(XMLPrime)  Time elapsed: 0.001 sec  <<< FAILURE!
java.lang.AssertionError: expected:<false> but was:<true>
	at org.testng.Assert.fail(Assert.java:89)
	at org.testng.Assert.failNotEquals(Assert.java:489)
	at org.testng.Assert.assertEquals(Assert.java:118)
	at org.testng.Assert.assertEquals(Assert.java:281)
	at org.testng.Assert.assertEquals(Assert.java:291)
	at XMLPrime.testCase(XMLPrime.java:9)

testCase(XMLPrime)  Time elapsed: 0 sec  <<< FAILURE!
java.lang.AssertionError: expected:<false> but was:<true>
	at org.testng.Assert.fail(Assert.java:89)
	at org.testng.Assert.failNotEquals(Assert.java:489)
	at org.testng.Assert.assertEquals(Assert.java:118)
	at org.testng.Assert.assertEquals(Assert.java:281)
	at org.testng.Assert.assertEquals(Assert.java:291)
	at XMLPrime.testCase(XMLPrime.java:9)

testCase(XMLPrime)  Time elapsed: 0 sec  <<< FAILURE!
java.lang.AssertionError: expected:<false> but was:<true>
	at org.testng.Assert.fail(Assert.java:89)
	at org.testng.Assert.failNotEquals(Assert.java:489)
	at org.testng.Assert.assertEquals(Assert.java:118)
	at org.testng.Assert.assertEquals(Assert.java:281)
	at org.testng.Assert.assertEquals(Assert.java:291)
	at XMLPrime.testCase(XMLPrime.java:9)

